2023-12-07T12:44:48+00:00 INFO Rest api key: consumer secret does not exist during notice
2023-12-07T12:49:25+00:00 INFO Rest api key: consumer secret does not exist during notice
2023-12-07T12:49:46+00:00 INFO Rest api key: consumer secret does not exist during notice
2023-12-07T12:50:21+00:00 INFO Rest api key: consumer secret does not exist during notice
2023-12-07T12:50:44+00:00 INFO Rest api key: consumer secret does not exist during notice
2023-12-07T12:50:58+00:00 INFO Rest api key: consumer secret does not exist during notice
2023-12-07T12:51:41+00:00 INFO Rest api key: consumer secret does not exist during notice
2023-12-07T12:52:37+00:00 INFO Rest api key: consumer secret does not exist during notice
2023-12-07T12:52:48+00:00 INFO Rest api key: consumer secret does not exist during notice
2023-12-07T12:57:27+00:00 INFO Rest api key: invalid keys
2023-12-07T12:57:27+00:00 INFO Rest api key: consumer secret does not exist during notice
2023-12-07T12:58:34+00:00 INFO Rest api key: consumer secret does not exist during notice
2023-12-07T13:14:10+00:00 INFO Rest api key: consumer secret does not exist during notice
2023-12-07T13:14:36+00:00 INFO Rest api key: consumer secret does not exist during notice
2023-12-07T13:16:20+00:00 INFO Rest api key: consumer secret does not exist during notice
2023-12-07T13:19:26+00:00 INFO 17: Shipday Order Management Process started
2023-12-07T13:19:26+00:00 INFO 17: Shipday Order Management Process post sending starts
2023-12-07T13:19:26+00:00 INFO {"pdm1LmzgrU.XkPlm9C6HI3ZHjGKZ3SL":[{"orderNumber":17,"additionalId":17,"customerName":"Ram Rai","customerAddress":"Suryabinayak, Bhaktapur, Bagmati, , Nepal","customerPhoneNumber":"","customerEmail":"prbt333@gmail.com","tips":0,"tax":"0","discountAmount":0,"deliveryFee":"0","totalOrderCost":"241.00","dropoff":{"address":{"unit":"","street":"Suryabinayak","city":"Bhaktapur","state":"Bagmati","zip":"","country":"Nepal"}},"orderItem":[{"name":"Veg Fried Momo","quantity":1,"unitPrice":"241"}],"paymentMethod":"CASH","deliveryInstruction":". ","restaurantName":"Khaja Express","restaurantAddress":", , Bagmati, , Nepal","orderSource":"WooCommerce","signature":{"version":"1.7","wooVersion":"8.3.1","url":"http:\/\/localhost\/KhajaExpress","datetime modifiers":[],"timezone":"+00:00","type":"single-vendor","plugin":"vanilla"},"uuid":false}]}
2023-12-07T13:19:28+00:00 INFO 17: Shipday Order Management Process post successfully sent
2023-12-07T13:31:03+00:00 INFO Rest api key: consumer secret does not exist during notice
2023-12-07T13:31:10+00:00 INFO Rest api key: consumer secret does not exist during notice
2023-12-07T13:32:06+00:00 INFO Rest api key: consumer secret does not exist during notice
2023-12-07T13:42:44+00:00 INFO Rest api key: consumer secret does not exist during notice
2023-12-07T13:42:51+00:00 INFO Rest api key: consumer secret does not exist during notice
2023-12-07T13:43:02+00:00 INFO Rest api key: consumer secret does not exist during notice
2023-12-07T13:43:23+00:00 INFO Rest api key: consumer secret does not exist during notice
2023-12-07T13:43:34+00:00 INFO Rest api key: consumer secret does not exist during notice
2023-12-07T13:43:42+00:00 INFO Rest api key: consumer secret does not exist during notice
2023-12-07T13:43:50+00:00 INFO Rest api key: consumer secret does not exist during notice
2023-12-07T13:43:59+00:00 INFO Rest api key: consumer secret does not exist during notice
2023-12-07T13:44:07+00:00 INFO Rest api key: consumer secret does not exist during notice
2023-12-07T13:44:15+00:00 INFO Rest api key: consumer secret does not exist during notice
2023-12-07T13:44:30+00:00 INFO Rest api key: consumer secret does not exist during notice
2023-12-07T13:44:42+00:00 INFO Rest api key: consumer secret does not exist during notice
2023-12-07T15:25:13+00:00 INFO Rest api key: consumer secret does not exist during notice
2023-12-07T15:25:30+00:00 INFO Rest api key: consumer secret does not exist during notice
2023-12-07T15:25:48+00:00 INFO Rest api key: consumer secret does not exist during notice
2023-12-07T15:26:02+00:00 INFO Rest api key: consumer secret does not exist during notice
2023-12-07T16:06:44+00:00 INFO Rest api key: consumer secret does not exist during notice
2023-12-07T16:06:50+00:00 INFO Rest api key: consumer secret does not exist during notice
2023-12-07T16:07:29+00:00 INFO Rest api key: consumer secret does not exist during notice
2023-12-07T16:07:30+00:00 INFO Rest api key: consumer secret does not exist during notice
2023-12-07T16:08:31+00:00 INFO Rest api key: consumer secret does not exist during notice
2023-12-07T16:08:31+00:00 INFO Rest api key: consumer secret does not exist during notice
2023-12-07T16:08:42+00:00 INFO Rest api key: consumer secret does not exist during notice
2023-12-07T16:08:43+00:00 INFO Rest api key: consumer secret does not exist during notice
2023-12-07T16:09:04+00:00 INFO Rest api key: consumer secret does not exist during notice
2023-12-07T16:09:35+00:00 INFO Rest api key: consumer secret does not exist during notice
2023-12-07T16:13:37+00:00 INFO Rest api key: consumer secret does not exist during notice
2023-12-07T16:19:36+00:00 INFO Rest api key: consumer secret does not exist during notice
2023-12-07T16:23:17+00:00 INFO Rest api key: consumer secret does not exist during notice
2023-12-07T16:27:26+00:00 INFO Rest api key: consumer secret does not exist during notice
2023-12-07T17:08:38+00:00 INFO Rest api key: consumer secret does not exist during notice
2023-12-07T17:12:41+00:00 INFO Rest api key: consumer secret does not exist during notice
2023-12-07T17:12:52+00:00 INFO Rest api key: consumer secret does not exist during notice
2023-12-07T17:14:28+00:00 INFO Rest api key: consumer secret does not exist during notice
2023-12-07T17:16:43+00:00 INFO Rest api key: consumer secret does not exist during notice
2023-12-07T17:16:54+00:00 INFO Rest api key: consumer secret does not exist during notice
2023-12-07T17:17:38+00:00 INFO Rest api key: consumer secret does not exist during notice
2023-12-07T17:18:44+00:00 INFO Rest api key: consumer secret does not exist during notice
2023-12-07T17:18:45+00:00 INFO Rest api key: consumer secret does not exist during notice
2023-12-07T17:18:46+00:00 INFO Rest api key: consumer secret does not exist during notice
2023-12-07T17:19:04+00:00 INFO Rest api key: consumer secret does not exist during notice
2023-12-07T17:19:46+00:00 INFO Rest api key: consumer secret does not exist during notice
2023-12-07T17:20:24+00:00 INFO Rest api key: consumer secret does not exist during notice
2023-12-07T17:23:51+00:00 INFO Rest api key: consumer secret does not exist during notice
2023-12-07T17:24:38+00:00 INFO Rest api key: consumer secret does not exist during notice
2023-12-07T17:32:19+00:00 INFO Rest api key: consumer secret does not exist during notice
2023-12-07T17:32:20+00:00 INFO Rest api key: consumer secret does not exist during notice
2023-12-07T17:32:29+00:00 INFO Rest api key: consumer secret does not exist during notice
2023-12-07T17:34:09+00:00 INFO Rest api key: consumer secret does not exist during notice
2023-12-07T17:34:14+00:00 INFO Rest api key: consumer secret does not exist during notice
2023-12-07T17:35:12+00:00 INFO Rest api key: consumer secret does not exist during notice
2023-12-07T17:35:17+00:00 INFO Rest api key: consumer secret does not exist during notice
2023-12-07T17:35:52+00:00 INFO Rest api key: consumer secret does not exist during notice
2023-12-07T17:36:04+00:00 INFO Rest api key: consumer secret does not exist during notice
2023-12-07T17:36:06+00:00 INFO Rest api key: consumer secret does not exist during notice
2023-12-07T17:36:07+00:00 INFO Rest api key: consumer secret does not exist during notice
2023-12-07T17:36:08+00:00 INFO Rest api key: consumer secret does not exist during notice
2023-12-07T17:44:43+00:00 INFO Rest api key: consumer secret does not exist during notice
2023-12-07T17:44:53+00:00 INFO Rest api key: consumer secret does not exist during notice
2023-12-07T17:45:02+00:00 INFO Rest api key: consumer secret does not exist during notice
2023-12-07T17:46:19+00:00 INFO Rest api key: consumer secret does not exist during notice
2023-12-07T17:52:54+00:00 INFO Rest api key: consumer secret does not exist during notice
2023-12-07T17:53:27+00:00 INFO Rest api key: consumer secret does not exist during notice
2023-12-07T17:53:29+00:00 INFO Rest api key: consumer secret does not exist during notice
2023-12-07T17:54:28+00:00 INFO Rest api key: consumer secret does not exist during notice
2023-12-07T17:55:34+00:00 INFO Rest api key: consumer secret does not exist during notice
2023-12-07T17:56:18+00:00 INFO Rest api key: consumer secret does not exist during notice
2023-12-07T17:56:24+00:00 INFO Rest api key: consumer secret does not exist during notice
2023-12-07T17:57:01+00:00 INFO Rest api key: consumer secret does not exist during notice
2023-12-07T17:57:09+00:00 INFO Rest api key: consumer secret does not exist during notice
2023-12-07T17:57:49+00:00 INFO Rest api key: consumer secret does not exist during notice
2023-12-07T18:08:21+00:00 INFO Rest api key: consumer secret does not exist during notice
2023-12-07T18:08:29+00:00 INFO Rest api key: consumer secret does not exist during notice
2023-12-07T18:19:42+00:00 INFO Rest api key: consumer secret does not exist during notice
2023-12-07T18:20:06+00:00 INFO Rest api key: consumer secret does not exist during notice
2023-12-07T18:21:24+00:00 INFO Rest api key: consumer secret does not exist during notice
2023-12-07T18:21:51+00:00 INFO Rest api key: consumer secret does not exist during notice
2023-12-07T18:21:52+00:00 INFO Rest api key: consumer secret does not exist during notice
2023-12-07T18:26:48+00:00 INFO Rest api key: consumer secret does not exist during notice
